open source     > 1 > 1 > /usr/share/texmf/tex/context/base/cont-yes.mkiv

ConTeXt  ver: 2015.05.18 12:26 MKIV current  fmt: 2017.2.27  int: english/english

system          > 'cont-new.mkiv' loaded
open source     > 2 > 2 > /usr/share/texmf/tex/context/base/cont-new.mkiv
close source    > 2 > 2 > /usr/share/texmf/tex/context/base/cont-new.mkiv
system          > files > jobname 'resume', input './resume.context', result 'resume'
fonts           > latin modern fonts are not preloaded
languages       > language 'en' is active
open source     > 2 > 3 > /home/jlind/projects/jameslind_info/images/resume/resume.context
colors          > defining > unknown library 'hex'
open source     > 3 > 4 > /usr/share/texmf/tex/context/base/type-imp-texgyre.mkiv
close source    > 3 > 4 > /usr/share/texmf/tex/context/base/type-imp-texgyre.mkiv
structure       > sectioning > section @ level 3 : 0.0.1 -> James Lind
floatblocks     > '1' placed
structure       > sectioning > subsection @ level 4 : 0.0.1.1 -> Education
structure       > sectioning > subsection @ level 4 : 0.0.1.2 -> Experience
structure       > sectioning > subsubsection @ level 5 : 0.0.1.2.1 -> Innovative Refrigeration Systems
structure       > sectioning > subsubsubsection @ level 6 : 0.0.1.2.1.1 -> Lyndhurst, VA
structure       > sectioning > subsubsubsubsection @ level 7 : 0.0.1.2.1.1.1 -> Web Developer - 2016-2017
structure       > sectioning > subsubsection @ level 5 : 0.0.1.2.2 -> Pacific Crest Trail
structure       > sectioning > subsubsubsection @ level 6 : 0.0.1.2.2.1 -> CA-OR-WA, USA
structure       > sectioning > subsubsubsubsection @ level 7 : 0.0.1.2.2.1.1 -> Through Hiker - 2015
structure       > sectioning > subsubsection @ level 5 : 0.0.1.2.3 -> MidwayUSA, Inc.
structure       > sectioning > subsubsubsection @ level 6 : 0.0.1.2.3.1 -> Columbia, MO
structure       > sectioning > subsubsubsubsection @ level 7 : 0.0.1.2.3.1.1 -> Database Administrator - 2013-2015
structure       > sectioning > subsubsubsubsection @ level 7 : 0.0.1.2.3.1.2 -> Application Developer - 2010-2013
backend         > xmp > using file '/usr/share/texmf/tex/context/base/lpdf-pdx.xml'
pages           > flushing realpage 1, userpage 1
structure       > sectioning > subsubsection @ level 5 : 0.0.1.2.4 -> Zeta-Meter, Inc.
structure       > sectioning > subsubsubsection @ level 6 : 0.0.1.2.4.1 -> Staunton, VA
structure       > sectioning > subsubsubsubsection @ level 7 : 0.0.1.2.4.1.1 -> Embedded Engineer - 2006-2010
structure       > sectioning > subsection @ level 4 : 0.0.1.3 -> Skills
structure       > sectioning > subsubsubsubsection @ level 7 : 0.0.1.3.0.0.1 -> Multi-paradigm Polyglot
structure       > sectioning > subsubsubsubsection @ level 7 : 0.0.1.3.0.0.2 -> Specific Solutions and Software Packages
pages           > flushing realpage 2, userpage 2
close source    > 2 > 4 > /home/jlind/projects/jameslind_info/images/resume/resume.context
close source    > 1 > 4 > /usr/share/texmf/tex/context/base/cont-yes.mkiv

system          > structure > start used structure

used structure  > text: resume

system          > structure > stop used structure


system          > files > start used files

used file       >    1: filename=cont-yes.mkiv filetype=tex foundname=/usr/share/texmf/tex/context/base/cont-yes.mkiv usedmethod=database
used file       >    2: filename=publ-imp-default.lua filetype=scripts foundname=/usr/share/texmf/tex/context/base/publ-imp-default.lua usedmethod=database
used file       >    3: filename=cont-new.mkiv filetype=tex foundname=/usr/share/texmf/tex/context/base/cont-new.mkiv usedmethod=database
used file       >    4: filename=lang-us.lua filetype=scripts foundname=/usr/share/texmf/tex/context/patterns/lang-us.lua usedmethod=database
used file       >    5: filename=/home/jlind/projects/jameslind_info/images/resume/resume.context foundname=/home/jlind/projects/jameslind_info/images/resume/resume.context usedmethod=direct
used file       >    6: filename=type-imp-texgyre.mkiv filetype=tex foundname=/usr/share/texmf/tex/context/base/type-imp-texgyre.mkiv usedmethod=database
used file       >    7: filename=lm.lfg filetype=tex foundname=/usr/share/texmf/tex/context/fonts/lm.lfg usedmethod=database
used file       >    8: filename=texgyreheros-regular filetype=otf format=otf foundname=/usr/share/texmf/fonts/opentype/public/tex-gyre/texgyreheros-regular.otf usedmethod=database
used file       >    9: filename=latinmodern-math.otf filetype=opentypefonts foundname=/usr/share/texmf/fonts/opentype/public/lm-math/latinmodern-math.otf usedmethod=database
used file       >   10: filename=texgyreheros-bold filetype=otf format=otf foundname=/usr/share/texmf/fonts/opentype/public/tex-gyre/texgyreheros-bold.otf usedmethod=database
used file       >   11: filename=texgyreheros-italic filetype=otf format=otf foundname=/usr/share/texmf/fonts/opentype/public/tex-gyre/texgyreheros-italic.otf usedmethod=database
used file       >   12: filename=lpdf-pdx.xml filetype=tex foundname=/usr/share/texmf/tex/context/base/lpdf-pdx.xml usedmethod=database

system          > files > stop used files


system          > options > start commandline options

used option     > currentrun="1"
used option     > fulljobname="./resume.context"
used option     > input="./resume.context"
used option     > kindofrun="1"
used option     > maxnofruns="9"
used option     > no-parse-first-line="true"

system          > options > stop commandline options

system          > options > start commandline files

used file       >    1: ./resume.context

system          > options > stop commandline files


mkiv lua stats  > used config file: /usr/share/texmf/web2c/texmfcnf.lua;/usr/share/texlive/texmf-dist/web2c/texmfcnf.lua
mkiv lua stats  > used cache path: readable: '/var/lib/texmf/luatex-cache/context/b47c3d3cee7cb6c86268d0595268c442' | readable+writable: '/home/jlind/.texmf-var/luatex-cache/context/b47c3d3cee7cb6c86268d0595268c442'
mkiv lua stats  > resource resolver: loadtime 0.154 seconds, 0 scans with scantime 0.000 seconds, 0 shared scans, 12 found files, scanned paths: <none>
mkiv lua stats  > stored bytecode data: 371 modules (0.797 sec), 78 tables (0.023 sec), 449 chunks (0.820 sec)
mkiv lua stats  > traced context: maxstack: 1146, freed: 14, unreachable: 1132
mkiv lua stats  > running in nuts mode: yes
mkiv lua stats  > cleaned up reserved nodes: 47 nodes, 439 lists of 438
mkiv lua stats  > node memory usage: 2 glue, 3 penalty, 12 attribute, 44 glue_spec, 3 attribute_list, 2 temp
mkiv lua stats  > node list callback tasks: 6 unique task lists, 7 instances (re)created, 550 calls
mkiv lua stats  > used backend: pdf (backend for directly generating pdf output)
mkiv lua stats  > v-node processing time: 0.012 seconds 
mkiv lua stats  > loaded patterns: en::2, load time: 0.000
mkiv lua stats  > jobdata time: 0.008 seconds saving, 0.003 seconds loading
mkiv lua stats  > callbacks: 1141 direct, 782 indirect, 1923 total
mkiv lua stats  > randomizer: resumed with value 0.43417403029007
mkiv lua stats  > interactive elements: 2 references, 19 destinations
mkiv lua stats  > result saved in file: resume.pdf, compresslevel 3, objectcompresslevel 3
mkiv lua stats  > loaded fonts: 4 files: latinmodern-math.otf, texgyreheros-bold.otf, texgyreheros-italic.otf, texgyreheros-regular.otf
mkiv lua stats  > fonts load time: 0.830 seconds for 14 fonts, 7 shared in backend, 1 common vectors, 6 common hashes
mkiv lua stats  > pdf annotations: 2 links (2 unique), 0 special
mkiv lua stats  > used platform: linux-64, type: unix, binary subtree: usr
mkiv lua stats  > luatex banner: this is luatex, version beta-0.80.0 (tex live 2015/debian) (rev 5238)
mkiv lua stats  > control sequences: 43931 of 65536 + 100000
mkiv lua stats  > lua properties: engine: lua, used memory: 83 MB (ctx: 82 MB), hash type: lua, hash chars: min(64,40), symbol mask: utf (τεχ)
mkiv lua stats  > runtime: 2.479 seconds, 2 processed pages, 2 shipped pages, 0.807 pages/second

